<?xml version="1.0" encoding="UTF-8"?>
<testng-results ignored="0" total="1" passed="1" failed="0" skipped="0">
  <reporter-output>
  </reporter-output>
  <suite started-at="2022-05-06T04:59:53Z" name="Default suite" finished-at="2022-05-06T04:59:56Z" duration-ms="2658">
    <groups>
    </groups>
    <test started-at="2022-05-06T04:59:53Z" name="Default test" finished-at="2022-05-06T04:59:56Z" duration-ms="2658">
      <class name="Com.practicemaven.FaceBookLogin">
        <test-method signature="facebook()[pri:0, instance:Com.practicemaven.FaceBookLogin@181e731e]" started-at="2022-05-06T04:59:53Z" name="facebook" finished-at="2022-05-06T04:59:56Z" duration-ms="2645" status="PASS">
          <reporter-output>
          </reporter-output>
        </test-method> <!-- facebook -->
      </class> <!-- Com.practicemaven.FaceBookLogin -->
    </test> <!-- Default test -->
  </suite> <!-- Default suite -->
</testng-results>
